<?xml version="1.0" encoding="UTF-8"?>
<testng-results skipped="0" failed="0" total="1" passed="1">
  <reporter-output>
  </reporter-output>
  <suite name="Default suite" duration-ms="36265" started-at="2017-02-24T16:43:52Z" finished-at="2017-02-24T16:44:28Z">
    <groups>
    </groups>
    <test name="Default test" duration-ms="36265" started-at="2017-02-24T16:43:52Z" finished-at="2017-02-24T16:44:28Z">
      <class name="cleartrip.LoginInvoke">
        <test-method status="PASS" signature="search()[pri:0, instance:cleartrip.LoginInvoke@7ac7a4e4]" name="search" duration-ms="36255" started-at="2017-02-24T22:13:52Z" finished-at="2017-02-24T22:14:28Z">
          <reporter-output>
          </reporter-output>
        </test-method> <!-- search -->
      </class> <!-- cleartrip.LoginInvoke -->
    </test> <!-- Default test -->
  </suite> <!-- Default suite -->
</testng-results>
